<?xml version="1.0" encoding="UTF-8"?>
<robot generator="Robot 3.2.2 (Python 3.9.1 on win32)" generated="20210203 12:34:01.411" rpa="false">
<suite id="s1" name="KPN Assessment Test" source="C:\Users\EXM684\Documents\Robot\KPN_Assessment_Test.robot">
<test id="s1-t1" name="KPN Test 1">
<kw name="Open Browser" library="SeleniumLibrary">
<doc>Opens a new browser instance to the optional ``url``.</doc>
<arguments>
<arg>${accountURL}</arg>
<arg>${BROWSER}</arg>
</arguments>
<msg timestamp="20210203 12:34:02.132" level="INFO">Opening browser 'chrome' to base url 'https://knowledge-web-14204.lightning.force.com/lightning/r/Account/0014x000009sUZOAA2/view'.</msg>
<status status="PASS" starttime="20210203 12:34:02.132" endtime="20210203 12:34:07.292"></status>
</kw>
<kw name="Maximize Browser Window" library="SeleniumLibrary">
<doc>Maximizes current browser window.</doc>
<status status="PASS" starttime="20210203 12:34:07.293" endtime="20210203 12:34:07.710"></status>
</kw>
<kw name="Generate Random String" library="String">
<doc>Generates a string with a desired ``length`` from the given ``chars``.</doc>
<arguments>
<arg>8</arg>
</arguments>
<assign>
<var>${STRING}</var>
</assign>
<msg timestamp="20210203 12:34:07.722" level="INFO">${STRING} = b93XhSlo</msg>
<status status="PASS" starttime="20210203 12:34:07.721" endtime="20210203 12:34:07.722"></status>
</kw>
<kw name="Input Text" library="SeleniumLibrary">
<doc>Types the given ``text`` into the text field identified by ``locator``.</doc>
<arguments>
<arg>//input[@name="username"]</arg>
<arg>${Username}</arg>
</arguments>
<msg timestamp="20210203 12:34:07.723" level="INFO">Typing text 'taniya.dey-1452066749@vlocityapps.com' into text field '//input[@name="username"]'.</msg>
<status status="PASS" starttime="20210203 12:34:07.722" endtime="20210203 12:34:08.985"></status>
</kw>
<kw name="Input Password" library="SeleniumLibrary">
<doc>Types the given password into the text field identified by ``locator``.</doc>
<arguments>
<arg>//input[@name="pw"]</arg>
<arg>${Password}</arg>
</arguments>
<msg timestamp="20210203 12:34:08.986" level="INFO">Typing password into text field '//input[@name="pw"]'.</msg>
<msg timestamp="20210203 12:34:09.047" level="INFO">Temporally setting log level to: NONE</msg>
<msg timestamp="20210203 12:34:09.174" level="INFO">Log level changed from NONE to INFO.</msg>
<status status="PASS" starttime="20210203 12:34:08.986" endtime="20210203 12:34:09.174"></status>
</kw>
<kw name="Click Element" library="SeleniumLibrary">
<doc>Click the element identified by ``locator``.</doc>
<arguments>
<arg>//input[@name="Login"]</arg>
</arguments>
<msg timestamp="20210203 12:34:09.175" level="INFO">Clicking element '//input[@name="Login"]'.</msg>
<status status="PASS" starttime="20210203 12:34:09.174" endtime="20210203 12:34:15.259"></status>
</kw>
<kw name="Wait Until Element Is Visible" library="SeleniumLibrary">
<doc>Waits until the element ``locator`` is visible.</doc>
<arguments>
<arg>//a[@title="Accounts"]</arg>
</arguments>
<status status="PASS" starttime="20210203 12:34:15.271" endtime="20210203 12:34:16.893"></status>
</kw>
<kw name="Wait Until Element Is Visible" library="SeleniumLibrary">
<doc>Waits until the element ``locator`` is visible.</doc>
<arguments>
<arg>xpath=(//a[contains(@href, 'javascript:void(0);')])[3]</arg>
</arguments>
<status status="PASS" starttime="20210203 12:34:16.895" endtime="20210203 12:34:16.965"></status>
</kw>
<kw name="Get Text" library="SeleniumLibrary">
<doc>Returns the text value of the element identified by ``locator``.</doc>
<arguments>
<arg>xpath=//HEADER[@id="oneHeader"]/DIV[3]/DIV[1]/DIV[2]/DIV[1]/DIV[@role="tablist"][1]/UL[@role="presentation"][2]/LI[@role="presentation"][1]/A[@role="tab"][1]/SPAN[2]</arg>
</arguments>
<assign>
<var>${accountName}</var>
</assign>
<msg timestamp="20210203 12:34:17.020" level="INFO">${accountName} = John Smith</msg>
<status status="PASS" starttime="20210203 12:34:16.968" endtime="20210203 12:34:17.020"></status>
</kw>
<kw name="Wait Until Keyword Succeeds" library="BuiltIn">
<doc>Runs the specified keyword and retries if it fails.</doc>
<arguments>
<arg>10 sec</arg>
<arg>0.5 sec</arg>
<arg>Select Frame</arg>
<arg>id:iFrameResizer0</arg>
</arguments>
<kw name="Select Frame" library="SeleniumLibrary">
<doc>Sets frame identified by ``locator`` as the current frame.</doc>
<arguments>
<arg>id:iFrameResizer0</arg>
</arguments>
<msg timestamp="20210203 12:34:17.023" level="INFO">Selecting frame 'id:iFrameResizer0'.</msg>
<status status="PASS" starttime="20210203 12:34:17.023" endtime="20210203 12:34:18.922"></status>
</kw>
<status status="PASS" starttime="20210203 12:34:17.022" endtime="20210203 12:34:18.922"></status>
</kw>
<kw name="Wait Until Element Is Enabled" library="SeleniumLibrary">
<doc>Waits until the element ``locator`` is enabled.</doc>
<arguments>
<arg>xpath=(//a[contains(@href, 'javascript:void(0);')])[3]</arg>
</arguments>
<status status="PASS" starttime="20210203 12:34:18.923" endtime="20210203 12:34:23.197"></status>
</kw>
<kw name="Set Focus To Element" library="SeleniumLibrary">
<doc>Sets the focus to the element identified by ``locator``.</doc>
<arguments>
<arg>xpath=(//a[contains(@href, 'javascript:void(0);')])[3]</arg>
</arguments>
<status status="PASS" starttime="20210203 12:34:23.197" endtime="20210203 12:34:23.254"></status>
</kw>
<kw name="Press Keys" library="SeleniumLibrary">
<doc>Simulates the user pressing key(s) to an element or on the active browser.</doc>
<arguments>
<arg>xpath=(//a[contains(@href, 'javascript:void(0);')])[3]</arg>
<arg>ENTER</arg>
</arguments>
<msg timestamp="20210203 12:34:23.255" level="INFO">Sending key(s) ('ENTER',) to xpath=(//a[contains(@href, 'javascript:void(0);')])[3] element.</msg>
<msg timestamp="20210203 12:34:23.620" level="INFO">Pressing special key ENTER to element.</msg>
<msg timestamp="20210203 12:34:23.620" level="INFO">Releasing special key ENTER.</msg>
<status status="PASS" starttime="20210203 12:34:23.255" endtime="20210203 12:34:23.642"></status>
</kw>
<kw name="Unselect Frame" library="SeleniumLibrary">
<doc>Sets the main frame as the current frame.</doc>
<status status="PASS" starttime="20210203 12:34:23.642" endtime="20210203 12:34:23.648"></status>
</kw>
<kw name="Wait Until Keyword Succeeds" library="BuiltIn">
<doc>Runs the specified keyword and retries if it fails.</doc>
<arguments>
<arg>16 sec</arg>
<arg>0.5 sec</arg>
<arg>Select Frame</arg>
<arg>id:iFrameResizer2</arg>
</arguments>
<kw name="Select Frame" library="SeleniumLibrary">
<doc>Sets frame identified by ``locator`` as the current frame.</doc>
<arguments>
<arg>id:iFrameResizer2</arg>
</arguments>
<msg timestamp="20210203 12:34:23.650" level="INFO">Selecting frame 'id:iFrameResizer2'.</msg>
<kw name="Capture Page Screenshot" library="SeleniumLibrary">
<doc>Takes a screenshot of the current page and embeds it into a log file.</doc>
<msg timestamp="20210203 12:34:24.339" level="INFO" html="yes">&lt;/td&gt;&lt;/tr&gt;&lt;tr&gt;&lt;td colspan="3"&gt;&lt;a href="selenium-screenshot-1.png"&gt;&lt;img src="selenium-screenshot-1.png" width="800px"&gt;&lt;/a&gt;</msg>
<status status="PASS" starttime="20210203 12:34:23.662" endtime="20210203 12:34:24.340"></status>
</kw>
<msg timestamp="20210203 12:34:24.342" level="FAIL">Element with locator 'id:iFrameResizer2' not found.</msg>
<status status="FAIL" starttime="20210203 12:34:23.649" endtime="20210203 12:34:24.342"></status>
</kw>
<kw name="Select Frame" library="SeleniumLibrary">
<doc>Sets frame identified by ``locator`` as the current frame.</doc>
<arguments>
<arg>id:iFrameResizer2</arg>
</arguments>
<msg timestamp="20210203 12:34:24.845" level="INFO">Selecting frame 'id:iFrameResizer2'.</msg>
<status status="PASS" starttime="20210203 12:34:24.845" endtime="20210203 12:34:25.000"></status>
</kw>
<status status="PASS" starttime="20210203 12:34:23.648" endtime="20210203 12:34:25.000"></status>
</kw>
<kw name="Wait Until Element Is Visible" library="SeleniumLibrary">
<doc>Waits until the element ``locator`` is visible.</doc>
<arguments>
<arg>xpath=//section[@id='CreateNew']/section/div/div/div/h1</arg>
</arguments>
<status status="PASS" starttime="20210203 12:34:25.001" endtime="20210203 12:34:27.133"></status>
</kw>
<kw name="Page Should Contain Element" library="SeleniumLibrary">
<doc>Verifies that element ``locator`` is found on the current page.</doc>
<arguments>
<arg>xpath=//section[@id='CreateNew']/section/div/div/div/h1</arg>
</arguments>
<msg timestamp="20210203 12:34:27.199" level="INFO">Current page contains element 'xpath=//section[@id='CreateNew']/section/div/div/div/h1'.</msg>
<status status="PASS" starttime="20210203 12:34:27.175" endtime="20210203 12:34:27.199"></status>
</kw>
<kw name="Wait Until Element Is Visible" library="SeleniumLibrary">
<doc>Waits until the element ``locator`` is visible.</doc>
<arguments>
<arg>//input[@id="ContractName"]</arg>
</arguments>
<status status="PASS" starttime="20210203 12:34:27.200" endtime="20210203 12:34:27.231"></status>
</kw>
<kw name="Current Frame Should Contain" library="SeleniumLibrary">
<doc>Verifies that the current frame contains ``text``.</doc>
<arguments>
<arg>Create New Contract</arg>
</arguments>
<msg timestamp="20210203 12:34:27.245" level="INFO">Current frame contains text 'Create New Contract'.</msg>
<status status="PASS" starttime="20210203 12:34:27.232" endtime="20210203 12:34:27.245"></status>
</kw>
<kw name="Input Text" library="SeleniumLibrary">
<doc>Types the given ``text`` into the text field identified by ``locator``.</doc>
<arguments>
<arg>//input[@id="ContractName"]</arg>
<arg>${STRING}</arg>
</arguments>
<msg timestamp="20210203 12:34:27.246" level="INFO">Typing text 'b93XhSlo' into text field '//input[@id="ContractName"]'.</msg>
<status status="PASS" starttime="20210203 12:34:27.246" endtime="20210203 12:34:27.426"></status>
</kw>
<kw name="Wait Until Element Is Visible" library="SeleniumLibrary">
<doc>Waits until the element ``locator`` is visible.</doc>
<arguments>
<arg>xpath=//ng-form[@id='Status|0']</arg>
</arguments>
<status status="PASS" starttime="20210203 12:34:27.427" endtime="20210203 12:34:27.469"></status>
</kw>
<kw name="Click Element" library="SeleniumLibrary">
<doc>Click the element identified by ``locator``.</doc>
<arguments>
<arg>xpath=//ng-form[@id='Status|0']</arg>
</arguments>
<msg timestamp="20210203 12:34:27.470" level="INFO">Clicking element 'xpath=//ng-form[@id='Status|0']'.</msg>
<status status="PASS" starttime="20210203 12:34:27.470" endtime="20210203 12:34:27.673"></status>
</kw>
<kw name="Select From List By Value" library="SeleniumLibrary">
<doc>Selects options from selection list ``locator`` by ``values``.</doc>
<arguments>
<arg>//select[@name="loopname"]</arg>
<arg>12</arg>
</arguments>
<msg timestamp="20210203 12:34:27.675" level="INFO">Selecting options from selection list '//select[@name="loopname"]' by value 12.</msg>
<status status="PASS" starttime="20210203 12:34:27.674" endtime="20210203 12:34:27.827"></status>
</kw>
<kw name="Click Element" library="SeleniumLibrary">
<doc>Click the element identified by ``locator``.</doc>
<arguments>
<arg>xpath=//div[@id="CreateNew_nextBtn"]</arg>
</arguments>
<msg timestamp="20210203 12:34:27.828" level="INFO">Clicking element 'xpath=//div[@id="CreateNew_nextBtn"]'.</msg>
<status status="PASS" starttime="20210203 12:34:27.828" endtime="20210203 12:34:27.962"></status>
</kw>
<kw name="Wait Until Element Is Visible" library="SeleniumLibrary">
<doc>Waits until the element ``locator`` is visible.</doc>
<arguments>
<arg>xpath=//li[5]/div/div/div/span</arg>
</arguments>
<status status="PASS" starttime="20210203 12:34:27.964" endtime="20210203 12:34:30.642"></status>
</kw>
<kw name="Wait Until Element Is Visible" library="SeleniumLibrary">
<doc>Waits until the element ``locator`` is visible.</doc>
<arguments>
<arg>xpath=//li[2]/div/div/div/span</arg>
</arguments>
<status status="PASS" starttime="20210203 12:34:30.642" endtime="20210203 12:34:30.670"></status>
</kw>
<kw name="Take Screenshot" library="ScreenCapLibrary">
<doc>Takes a screenshot in the specified format at library import and
embeds it into the log file (PNG by default).</doc>
<arguments>
<arg>name=screenshotContract</arg>
<arg>format=jpg</arg>
<arg>quality=100</arg>
</arguments>
<msg timestamp="20210203 12:34:30.911" level="INFO" html="yes">&lt;a href="screenshotContract_1.jpg"&gt;&lt;img src="screenshotContract_1.jpg" width="800px"&gt;&lt;/a&gt;</msg>
<status status="PASS" starttime="20210203 12:34:30.671" endtime="20210203 12:34:30.911"></status>
</kw>
<kw name="Get Text" library="SeleniumLibrary">
<doc>Returns the text value of the element identified by ``locator``.</doc>
<arguments>
<arg>xpath=//a[contains(@href, '/lightning/r/0014x000009sUZOAA2/view')]</arg>
</arguments>
<assign>
<var>${accountNameTest}</var>
</assign>
<msg timestamp="20210203 12:34:30.959" level="INFO">${accountNameTest} = John Smith</msg>
<status status="PASS" starttime="20210203 12:34:30.912" endtime="20210203 12:34:30.959"></status>
</kw>
<kw name="Should Be True" library="BuiltIn">
<doc>Fails if the given condition is not true.</doc>
<arguments>
<arg>"${accountName}" == "${accountNameTest}"</arg>
</arguments>
<status status="PASS" starttime="20210203 12:34:30.960" endtime="20210203 12:34:30.961"></status>
</kw>
<kw name="Get Text" library="SeleniumLibrary">
<doc>Returns the text value of the element identified by ``locator``.</doc>
<arguments>
<arg>xpath=//li[5]/div/div/div/span</arg>
</arguments>
<assign>
<var>${contractTermMonthsTest}</var>
</assign>
<msg timestamp="20210203 12:34:31.003" level="INFO">${contractTermMonthsTest} = 12</msg>
<status status="PASS" starttime="20210203 12:34:30.961" endtime="20210203 12:34:31.003"></status>
</kw>
<kw name="Get Text" library="SeleniumLibrary">
<doc>Returns the text value of the element identified by ``locator``.</doc>
<arguments>
<arg>xpath=//li[2]/div/div/div/span</arg>
</arguments>
<assign>
<var>${contractStatusTest}</var>
</assign>
<msg timestamp="20210203 12:34:31.048" level="INFO">${contractStatusTest} = Draft</msg>
<status status="PASS" starttime="20210203 12:34:31.011" endtime="20210203 12:34:31.048"></status>
</kw>
<kw name="Get Text" library="SeleniumLibrary">
<doc>Returns the text value of the element identified by ``locator``.</doc>
<arguments>
<arg>xpath=//h1/div[2]/span</arg>
</arguments>
<assign>
<var>${contractNumber}</var>
</assign>
<msg timestamp="20210203 12:34:31.089" level="INFO">${contractNumber} = 00000144</msg>
<status status="PASS" starttime="20210203 12:34:31.050" endtime="20210203 12:34:31.089"></status>
</kw>
<kw name="Log To Console" library="BuiltIn">
<doc>Logs the given message to the console.</doc>
<arguments>
<arg>${contractNumber}</arg>
</arguments>
<status status="PASS" starttime="20210203 12:34:31.090" endtime="20210203 12:34:31.090"></status>
</kw>
<kw name="Should Be True" library="BuiltIn">
<doc>Fails if the given condition is not true.</doc>
<arguments>
<arg>"${contractTermMonthsTest}" == "${contractTermMonths}"</arg>
</arguments>
<status status="PASS" starttime="20210203 12:34:31.092" endtime="20210203 12:34:31.093"></status>
</kw>
<kw name="Should Be True" library="BuiltIn">
<doc>Fails if the given condition is not true.</doc>
<arguments>
<arg>"${contractStatusTest}" == "${contractStatus}"</arg>
</arguments>
<status status="PASS" starttime="20210203 12:34:31.093" endtime="20210203 12:34:31.095"></status>
</kw>
<kw name="Unselect Frame" library="SeleniumLibrary">
<doc>Sets the main frame as the current frame.</doc>
<status status="PASS" starttime="20210203 12:34:31.095" endtime="20210203 12:34:31.100"></status>
</kw>
<kw name="Close Browser" library="SeleniumLibrary" type="teardown">
<doc>Closes the current browser.</doc>
<status status="PASS" starttime="20210203 12:34:31.101" endtime="20210203 12:34:33.672"></status>
</kw>
<tags>
<tag>1</tag>
</tags>
<status status="PASS" starttime="20210203 12:34:02.130" endtime="20210203 12:34:33.673" critical="yes"></status>
</test>
<test id="s1-t2" name="KPN Test 2">
<kw name="Open Browser" library="SeleniumLibrary">
<doc>Opens a new browser instance to the optional ``url``.</doc>
<arguments>
<arg>${accountURL}</arg>
<arg>${BROWSER}</arg>
</arguments>
<msg timestamp="20210203 12:34:33.676" level="INFO">Opening browser 'chrome' to base url 'https://knowledge-web-14204.lightning.force.com/lightning/r/Account/0014x000009sUZOAA2/view'.</msg>
<status status="PASS" starttime="20210203 12:34:33.676" endtime="20210203 12:34:38.672"></status>
</kw>
<kw name="Maximize Browser Window" library="SeleniumLibrary">
<doc>Maximizes current browser window.</doc>
<status status="PASS" starttime="20210203 12:34:38.674" endtime="20210203 12:34:38.961"></status>
</kw>
<kw name="Generate Random String" library="String">
<doc>Generates a string with a desired ``length`` from the given ``chars``.</doc>
<arguments>
<arg>8</arg>
</arguments>
<assign>
<var>${STRING}</var>
</assign>
<msg timestamp="20210203 12:34:38.976" level="INFO">${STRING} = k9kPLcmR</msg>
<status status="PASS" starttime="20210203 12:34:38.975" endtime="20210203 12:34:38.976"></status>
</kw>
<kw name="Input Text" library="SeleniumLibrary">
<doc>Types the given ``text`` into the text field identified by ``locator``.</doc>
<arguments>
<arg>//input[@name="username"]</arg>
<arg>${Username}</arg>
</arguments>
<msg timestamp="20210203 12:34:38.977" level="INFO">Typing text 'taniya.dey-1452066749@vlocityapps.com' into text field '//input[@name="username"]'.</msg>
<status status="PASS" starttime="20210203 12:34:38.976" endtime="20210203 12:34:39.792"></status>
</kw>
<kw name="Input Password" library="SeleniumLibrary">
<doc>Types the given password into the text field identified by ``locator``.</doc>
<arguments>
<arg>//input[@name="pw"]</arg>
<arg>${Password}</arg>
</arguments>
<msg timestamp="20210203 12:34:39.794" level="INFO">Typing password into text field '//input[@name="pw"]'.</msg>
<msg timestamp="20210203 12:34:40.325" level="INFO">Temporally setting log level to: NONE</msg>
<msg timestamp="20210203 12:34:40.450" level="INFO">Log level changed from NONE to INFO.</msg>
<status status="PASS" starttime="20210203 12:34:39.793" endtime="20210203 12:34:40.450"></status>
</kw>
<kw name="Click Element" library="SeleniumLibrary">
<doc>Click the element identified by ``locator``.</doc>
<arguments>
<arg>//input[@name="Login"]</arg>
</arguments>
<msg timestamp="20210203 12:34:40.452" level="INFO">Clicking element '//input[@name="Login"]'.</msg>
<status status="PASS" starttime="20210203 12:34:40.452" endtime="20210203 12:34:42.273"></status>
</kw>
<kw name="Wait Until Element Is Visible" library="SeleniumLibrary">
<doc>Waits until the element ``locator`` is visible.</doc>
<arguments>
<arg>//a[@title="Accounts"]</arg>
</arguments>
<status status="PASS" starttime="20210203 12:34:42.277" endtime="20210203 12:34:48.043"></status>
</kw>
<kw name="Wait Until Element Is Visible" library="SeleniumLibrary">
<doc>Waits until the element ``locator`` is visible.</doc>
<arguments>
<arg>xpath=(//a[contains(@href, 'javascript:void(0);')])[3]</arg>
</arguments>
<status status="PASS" starttime="20210203 12:34:48.043" endtime="20210203 12:34:48.068"></status>
</kw>
<kw name="Get Text" library="SeleniumLibrary">
<doc>Returns the text value of the element identified by ``locator``.</doc>
<arguments>
<arg>xpath=//HEADER[@id="oneHeader"]/DIV[3]/DIV[1]/DIV[2]/DIV[1]/DIV[@role="tablist"][1]/UL[@role="presentation"][2]/LI[@role="presentation"][1]/A[@role="tab"][1]/SPAN[2]</arg>
</arguments>
<assign>
<var>${accountName}</var>
</assign>
<msg timestamp="20210203 12:34:48.111" level="INFO">${accountName} = Loading...</msg>
<status status="PASS" starttime="20210203 12:34:48.078" endtime="20210203 12:34:48.111"></status>
</kw>
<kw name="Wait Until Keyword Succeeds" library="BuiltIn">
<doc>Runs the specified keyword and retries if it fails.</doc>
<arguments>
<arg>10 sec</arg>
<arg>0.5 sec</arg>
<arg>Select Frame</arg>
<arg>id:iFrameResizer0</arg>
</arguments>
<kw name="Select Frame" library="SeleniumLibrary">
<doc>Sets frame identified by ``locator`` as the current frame.</doc>
<arguments>
<arg>id:iFrameResizer0</arg>
</arguments>
<msg timestamp="20210203 12:34:48.111" level="INFO">Selecting frame 'id:iFrameResizer0'.</msg>
<kw name="Capture Page Screenshot" library="SeleniumLibrary">
<doc>Takes a screenshot of the current page and embeds it into a log file.</doc>
<msg timestamp="20210203 12:34:48.683" level="INFO" html="yes">&lt;/td&gt;&lt;/tr&gt;&lt;tr&gt;&lt;td colspan="3"&gt;&lt;a href="selenium-screenshot-2.png"&gt;&lt;img src="selenium-screenshot-2.png" width="800px"&gt;&lt;/a&gt;</msg>
<status status="PASS" starttime="20210203 12:34:48.129" endtime="20210203 12:34:48.684"></status>
</kw>
<msg timestamp="20210203 12:34:48.685" level="FAIL">Element with locator 'id:iFrameResizer0' not found.</msg>
<status status="FAIL" starttime="20210203 12:34:48.111" endtime="20210203 12:34:48.686"></status>
</kw>
<kw name="Select Frame" library="SeleniumLibrary">
<doc>Sets frame identified by ``locator`` as the current frame.</doc>
<arguments>
<arg>id:iFrameResizer0</arg>
</arguments>
<msg timestamp="20210203 12:34:49.188" level="INFO">Selecting frame 'id:iFrameResizer0'.</msg>
<status status="PASS" starttime="20210203 12:34:49.188" endtime="20210203 12:34:50.281"></status>
</kw>
<status status="PASS" starttime="20210203 12:34:48.111" endtime="20210203 12:34:50.281"></status>
</kw>
<kw name="Wait Until Element Is Enabled" library="SeleniumLibrary">
<doc>Waits until the element ``locator`` is enabled.</doc>
<arguments>
<arg>xpath=(//a[contains(@href, 'javascript:void(0);')])[3]</arg>
</arguments>
<status status="PASS" starttime="20210203 12:34:50.282" endtime="20210203 12:34:55.155"></status>
</kw>
<kw name="Set Focus To Element" library="SeleniumLibrary">
<doc>Sets the focus to the element identified by ``locator``.</doc>
<arguments>
<arg>xpath=(//a[contains(@href, 'javascript:void(0);')])[3]</arg>
</arguments>
<status status="PASS" starttime="20210203 12:34:55.156" endtime="20210203 12:34:55.181"></status>
</kw>
<kw name="Press Keys" library="SeleniumLibrary">
<doc>Simulates the user pressing key(s) to an element or on the active browser.</doc>
<arguments>
<arg>xpath=(//a[contains(@href, 'javascript:void(0);')])[3]</arg>
<arg>ENTER</arg>
</arguments>
<msg timestamp="20210203 12:34:55.182" level="INFO">Sending key(s) ('ENTER',) to xpath=(//a[contains(@href, 'javascript:void(0);')])[3] element.</msg>
<msg timestamp="20210203 12:34:55.511" level="INFO">Pressing special key ENTER to element.</msg>
<msg timestamp="20210203 12:34:55.511" level="INFO">Releasing special key ENTER.</msg>
<status status="PASS" starttime="20210203 12:34:55.182" endtime="20210203 12:34:55.542"></status>
</kw>
<kw name="Unselect Frame" library="SeleniumLibrary">
<doc>Sets the main frame as the current frame.</doc>
<status status="PASS" starttime="20210203 12:34:55.542" endtime="20210203 12:34:55.545"></status>
</kw>
<kw name="Wait Until Keyword Succeeds" library="BuiltIn">
<doc>Runs the specified keyword and retries if it fails.</doc>
<arguments>
<arg>16 sec</arg>
<arg>0.5 sec</arg>
<arg>Select Frame</arg>
<arg>id:iFrameResizer2</arg>
</arguments>
<kw name="Select Frame" library="SeleniumLibrary">
<doc>Sets frame identified by ``locator`` as the current frame.</doc>
<arguments>
<arg>id:iFrameResizer2</arg>
</arguments>
<msg timestamp="20210203 12:34:55.546" level="INFO">Selecting frame 'id:iFrameResizer2'.</msg>
<kw name="Capture Page Screenshot" library="SeleniumLibrary">
<doc>Takes a screenshot of the current page and embeds it into a log file.</doc>
<msg timestamp="20210203 12:34:56.365" level="INFO" html="yes">&lt;/td&gt;&lt;/tr&gt;&lt;tr&gt;&lt;td colspan="3"&gt;&lt;a href="selenium-screenshot-3.png"&gt;&lt;img src="selenium-screenshot-3.png" width="800px"&gt;&lt;/a&gt;</msg>
<status status="PASS" starttime="20210203 12:34:55.560" endtime="20210203 12:34:56.366"></status>
</kw>
<msg timestamp="20210203 12:34:56.367" level="FAIL">Element with locator 'id:iFrameResizer2' not found.</msg>
<status status="FAIL" starttime="20210203 12:34:55.546" endtime="20210203 12:34:56.367"></status>
</kw>
<kw name="Select Frame" library="SeleniumLibrary">
<doc>Sets frame identified by ``locator`` as the current frame.</doc>
<arguments>
<arg>id:iFrameResizer2</arg>
</arguments>
<msg timestamp="20210203 12:34:56.869" level="INFO">Selecting frame 'id:iFrameResizer2'.</msg>
<status status="PASS" starttime="20210203 12:34:56.869" endtime="20210203 12:34:56.927"></status>
</kw>
<status status="PASS" starttime="20210203 12:34:55.545" endtime="20210203 12:34:56.928"></status>
</kw>
<kw name="Wait Until Element Is Visible" library="SeleniumLibrary">
<doc>Waits until the element ``locator`` is visible.</doc>
<arguments>
<arg>xpath=//section[@id='CreateNew']/section/div/div/div/h1</arg>
</arguments>
<status status="PASS" starttime="20210203 12:34:56.928" endtime="20210203 12:34:59.317"></status>
</kw>
<kw name="Page Should Contain Element" library="SeleniumLibrary">
<doc>Verifies that element ``locator`` is found on the current page.</doc>
<arguments>
<arg>xpath=//section[@id='CreateNew']/section/div/div/div/h1</arg>
</arguments>
<msg timestamp="20210203 12:34:59.330" level="INFO">Current page contains element 'xpath=//section[@id='CreateNew']/section/div/div/div/h1'.</msg>
<status status="PASS" starttime="20210203 12:34:59.317" endtime="20210203 12:34:59.330"></status>
</kw>
<kw name="Wait Until Element Is Visible" library="SeleniumLibrary">
<doc>Waits until the element ``locator`` is visible.</doc>
<arguments>
<arg>//input[@id="ContractName"]</arg>
</arguments>
<status status="PASS" starttime="20210203 12:34:59.331" endtime="20210203 12:34:59.364"></status>
</kw>
<kw name="Current Frame Should Contain" library="SeleniumLibrary">
<doc>Verifies that the current frame contains ``text``.</doc>
<arguments>
<arg>Create New Contract</arg>
</arguments>
<msg timestamp="20210203 12:34:59.379" level="INFO">Current frame contains text 'Create New Contract'.</msg>
<status status="PASS" starttime="20210203 12:34:59.365" endtime="20210203 12:34:59.380"></status>
</kw>
<kw name="Input Text" library="SeleniumLibrary">
<doc>Types the given ``text`` into the text field identified by ``locator``.</doc>
<arguments>
<arg>//input[@id="ContractName"]</arg>
<arg>${STRING}</arg>
</arguments>
<msg timestamp="20210203 12:34:59.381" level="INFO">Typing text 'k9kPLcmR' into text field '//input[@id="ContractName"]'.</msg>
<status status="PASS" starttime="20210203 12:34:59.380" endtime="20210203 12:34:59.581"></status>
</kw>
<kw name="Wait Until Element Is Visible" library="SeleniumLibrary">
<doc>Waits until the element ``locator`` is visible.</doc>
<arguments>
<arg>xpath=//ng-form[@id='Status|0']</arg>
</arguments>
<status status="PASS" starttime="20210203 12:34:59.581" endtime="20210203 12:34:59.619"></status>
</kw>
<kw name="Click Element" library="SeleniumLibrary">
<doc>Click the element identified by ``locator``.</doc>
<arguments>
<arg>xpath=//ng-form[@id='Status|0']/div/div/label[2]/span</arg>
</arguments>
<msg timestamp="20210203 12:34:59.620" level="INFO">Clicking element 'xpath=//ng-form[@id='Status|0']/div/div/label[2]/span'.</msg>
<status status="PASS" starttime="20210203 12:34:59.619" endtime="20210203 12:34:59.755"></status>
</kw>
<kw name="Select From List By Value" library="SeleniumLibrary">
<doc>Selects options from selection list ``locator`` by ``values``.</doc>
<arguments>
<arg>//select[@name="loopname"]</arg>
<arg>24</arg>
</arguments>
<msg timestamp="20210203 12:34:59.756" level="INFO">Selecting options from selection list '//select[@name="loopname"]' by value 24.</msg>
<status status="PASS" starttime="20210203 12:34:59.756" endtime="20210203 12:34:59.931"></status>
</kw>
<kw name="Click Element" library="SeleniumLibrary">
<doc>Click the element identified by ``locator``.</doc>
<arguments>
<arg>xpath=//div[@id="CreateNew_nextBtn"]</arg>
</arguments>
<msg timestamp="20210203 12:34:59.932" level="INFO">Clicking element 'xpath=//div[@id="CreateNew_nextBtn"]'.</msg>
<status status="PASS" starttime="20210203 12:34:59.932" endtime="20210203 12:35:00.136"></status>
</kw>
<kw name="Wait Until Element Is Visible" library="SeleniumLibrary">
<doc>Waits until the element ``locator`` is visible.</doc>
<arguments>
<arg>xpath=//div[@id='alert-container']/div[3]/button</arg>
</arguments>
<status status="PASS" starttime="20210203 12:35:00.136" endtime="20210203 12:35:00.897"></status>
</kw>
<kw name="Get Text" library="SeleniumLibrary">
<doc>Returns the text value of the element identified by ``locator``.</doc>
<arguments>
<arg>xpath=//div[@id='alert-container']/div[2]</arg>
</arguments>
<assign>
<var>${errorPopupTextTest}</var>
</assign>
<msg timestamp="20210203 12:35:00.930" level="INFO">${errorPopupTextTest} = Error : Please fix all the fields with errors.</msg>
<status status="PASS" starttime="20210203 12:35:00.898" endtime="20210203 12:35:00.930"></status>
</kw>
<kw name="Should Be True" library="BuiltIn">
<doc>Fails if the given condition is not true.</doc>
<arguments>
<arg>"${errorPopupTextTest}" == "${errorPopupText}"</arg>
</arguments>
<status status="PASS" starttime="20210203 12:35:00.930" endtime="20210203 12:35:00.930"></status>
</kw>
<kw name="Click Element" library="SeleniumLibrary">
<doc>Click the element identified by ``locator``.</doc>
<arguments>
<arg>//button[@id="alert-ok-button"]</arg>
</arguments>
<msg timestamp="20210203 12:35:00.930" level="INFO">Clicking element '//button[@id="alert-ok-button"]'.</msg>
<status status="PASS" starttime="20210203 12:35:00.930" endtime="20210203 12:35:01.064"></status>
</kw>
<kw name="Wait Until Element Is Not Visible" library="SeleniumLibrary">
<doc>Waits until the element ``locator`` is not visible.</doc>
<arguments>
<arg>xpath=//div[@id='alert-container']/div[3]/button</arg>
</arguments>
<status status="PASS" starttime="20210203 12:35:01.065" endtime="20210203 12:35:01.298"></status>
</kw>
<kw name="Get Text" library="SeleniumLibrary">
<doc>Returns the text value of the element identified by ``locator``.</doc>
<arguments>
<arg>xpath=//ng-form[@id='Status|0']/div/div[2]/div/small</arg>
</arguments>
<assign>
<var>${errorMessageContractTest}</var>
</assign>
<msg timestamp="20210203 12:35:01.337" level="INFO">${errorMessageContractTest} = Choose a valid contract status and save your changes. Ask your admin for details.</msg>
<status status="PASS" starttime="20210203 12:35:01.299" endtime="20210203 12:35:01.337"></status>
</kw>
<kw name="Should Be True" library="BuiltIn">
<doc>Fails if the given condition is not true.</doc>
<arguments>
<arg>"${errorMessageContractTest}" == "${errorMessageContract}"</arg>
</arguments>
<status status="PASS" starttime="20210203 12:35:01.337" endtime="20210203 12:35:01.338"></status>
</kw>
<kw name="Take Screenshot" library="ScreenCapLibrary">
<doc>Takes a screenshot in the specified format at library import and
embeds it into the log file (PNG by default).</doc>
<arguments>
<arg>name=screenshotErrorMessage</arg>
<arg>format=jpg</arg>
<arg>quality=100</arg>
</arguments>
<msg timestamp="20210203 12:35:01.426" level="INFO" html="yes">&lt;a href="screenshotErrorMessage_1.jpg"&gt;&lt;img src="screenshotErrorMessage_1.jpg" width="800px"&gt;&lt;/a&gt;</msg>
<status status="PASS" starttime="20210203 12:35:01.338" endtime="20210203 12:35:01.427"></status>
</kw>
<kw name="Close Browser" library="SeleniumLibrary" type="teardown">
<doc>Closes the current browser.</doc>
<status status="PASS" starttime="20210203 12:35:01.427" endtime="20210203 12:35:03.862"></status>
</kw>
<tags>
<tag>2</tag>
</tags>
<status status="PASS" starttime="20210203 12:34:33.674" endtime="20210203 12:35:03.863" critical="yes"></status>
</test>
<doc>KPN Assessment Test</doc>
<status status="PASS" starttime="20210203 12:34:01.411" endtime="20210203 12:35:03.865"></status>
</suite>
<statistics>
<total>
<stat pass="2" fail="0">Critical Tests</stat>
<stat pass="2" fail="0">All Tests</stat>
</total>
<tag>
<stat pass="1" fail="0">1</stat>
<stat pass="1" fail="0">2</stat>
</tag>
<suite>
<stat pass="2" fail="0" id="s1" name="KPN Assessment Test">KPN Assessment Test</stat>
</suite>
</statistics>
<errors>
</errors>
</robot>
